<?xml version="1.0" encoding="UTF-8"?>
<testsuites name="TestSuit_PartnerUs" time="37.628" tests="3" failures="0" errors="0">
   <testsuite name="TestSuit_PartnerUs" tests="3" failures="0" errors="0" time="37.628" timestamp="2019-12-22 13:57:51" hostname="hidadsek - nguyenthuc" id="Test Suites/TestSuit_PartnerUs">
      <properties>
         <property name="deviceName" value=""/>
         <property name="devicePlatform" value=""/>
         <property name="logFolder" value="C:\\Users\\hidadsek\\Desktop\\Git\\Katalon-project\\Katalon_1st_Project\\Reports\\20191222_135748\\TestSuit_PartnerUs\\20191222_135748"/>
         <property name="logFiles" value="C:\\Users\\hidadsek\\Desktop\\Git\\Katalon-project\\Katalon_1st_Project\\Reports\\20191222_135748\\TestSuit_PartnerUs\\20191222_135748\\execution0.log"/>
         <property name="attachments" value=""/>
         <property name="hostName" value="hidadsek - nguyenthuc"/>
         <property name="os" value="Windows 8.1 64bit"/>
         <property name="katalonVersion" value="7.2.1.1"/>
         <property name="browser" value="Chrome 79.0.3945.88"/>
         <property name="hostAddress" value="192.168.1.110"/>
         <property name="sessionId" value="27de90fc3ab8d2d300b7d6e8ae7d8f69"/>
         <property name="seleniumVersion" value="3.141.59"/>
         <property name="proxyInformation" value="ProxyInformation{proxyOption=NO_PROXY, proxyServerType=HTTP, password=, proxyServerAddress=, proxyServerPort=0, executionList=}"/>
         <property name="platform" value="Windows 8.1"/>
      </properties>
      <testcase name="Test Cases/Keyword_TestCase/TestCase_WorkWithUS/WorkWithUS_Partner_Us" time="21.386" classname="Test Cases/Keyword_TestCase/TestCase_WorkWithUS/WorkWithUS_Partner_Us" status="PASSED">
         <system-out><![CDATA[2019-12-22 13:57:51 - [TEST_CASE][PASSED] - Test Cases/Keyword_TestCase/TestCase_WorkWithUS/WorkWithUS_Partner_Us: Test Cases/Keyword_TestCase/TestCase_WorkWithUS/WorkWithUS_Partner_Us

2019-12-22 13:57:51 - [TEST_STEP][PASSED] - actionKeyword.BrowserKeyword.openBrowser("https://www.ourbetterworld.org/"): actionKeyword.BrowserKeyword.openBrowser is PASSED

2019-12-22 13:57:52 - [MESSAGE][INFO] - Starting 'Chrome' driver

2019-12-22 13:57:52 - [MESSAGE][INFO] - Action delay is set to 0 seconds

2019-12-22 13:58:01 - [MESSAGE][PASSED] - Browser is opened with url: 'https://www.ourbetterworld.org/'

2019-12-22 13:58:02 - [MESSAGE][PASSED] - actionKeyword.BrowserKeyword.openBrowser is PASSED

2019-12-22 13:58:02 - [TEST_STEP][PASSED] - actionKeyword.MouseHoverKeyword.moveMouseToObject("//div[@class='navigation float-left']//li//a[text()='Work With Us']"): Mouse moves successfully

2019-12-22 13:58:02 - [MESSAGE][PASSED] - Mouse moves successfully

2019-12-22 13:58:02 - [TEST_STEP][PASSED] - actionKeyword.SelectByXPathKeyword.clickElementByXPath("//div[@class='navigation float-left']//li//li/a[text()='Partner us']"): Element has been clicked

2019-12-22 13:58:03 - [MESSAGE][PASSED] - Element has been clicked

2019-12-22 13:58:03 - [TEST_STEP][PASSED] - modalKeyword.DelayModal.deLay(5000): modalKeyword.DelayModal.deLay is PASSED

2019-12-22 13:58:08 - [MESSAGE][PASSED] - modalKeyword.DelayModal.deLay is PASSED

2019-12-22 13:58:08 - [TEST_STEP][PASSED] - actionKeyword.VerifyKeyword.verifyTextByXPath("//div[@id="block-obw-theme-content"]/article/div/div[1]/div/div[2]/h1/div", "Partner Us"): Text is verified successfully

2019-12-22 13:58:09 - [MESSAGE][PASSED] - Text is verified successfully

2019-12-22 13:58:09 - [TEST_STEP][PASSED] - actionKeyword.SelectByXPathKeyword.clickElementByXPath("//*[@id="block-obw-theme-content"]//div[@class='button-group']/a[text()='Get in touch']"): Element has been clicked

2019-12-22 13:58:09 - [MESSAGE][PASSED] - Element has been clicked

2019-12-22 13:58:09 - [TEST_STEP][PASSED] - waitForPageLoad(10): Wait for page load successfully

2019-12-22 13:58:12 - [MESSAGE][PASSED] - Wait for page load successfully

2019-12-22 13:58:12 - [TEST_STEP][PASSED] - actionKeyword.VerifyKeyword.verifyURLInTheSameTab("contact-us?purpose=partnership"): URL is verified successfully

2019-12-22 13:58:12 - [MESSAGE][PASSED] - URL is verified successfully]]></system-out>
         <system-err><![CDATA[]]></system-err>
      </testcase>
      <testcase name="Test Cases/Feature_TestCase/TestCase_About_US/AboutUs_Contact_FillInData" time="7.76" classname="Test Cases/Feature_TestCase/TestCase_About_US/AboutUs_Contact_FillInData" status="PASSED">
         <system-out><![CDATA[2019-12-22 13:58:13 - [TEST_CASE][PASSED] - Test Cases/Feature_TestCase/TestCase_About_US/AboutUs_Contact_FillInData: Test Cases/Feature_TestCase/TestCase_About_US/AboutUs_Contact_FillInData

2019-12-22 13:58:13 - [TEST_STEP][PASSED] - actionKeyword.SelectByXPathKeyword.setTextElementByXPath("//input[@id='edit-first-name']", varFirstname): Text is inputted successfully

2019-12-22 13:58:13 - [MESSAGE][PASSED] - Text is inputted successfully

2019-12-22 13:58:13 - [TEST_STEP][PASSED] - actionKeyword.SelectByXPathKeyword.setTextElementByXPath("//input[@id='edit-last-name']", varLastname): Text is inputted successfully

2019-12-22 13:58:14 - [MESSAGE][PASSED] - Text is inputted successfully

2019-12-22 13:58:14 - [TEST_STEP][PASSED] - actionKeyword.SelectByXPathKeyword.setTextElementByXPath("//input[@id='edit-email']", varEmail): Text is inputted successfully

2019-12-22 13:58:16 - [MESSAGE][PASSED] - Text is inputted successfully

2019-12-22 13:58:16 - [TEST_STEP][PASSED] - actionKeyword.SelectByXPathKeyword.setTextElementByXPath("//input[@id='edit-phone']", varContact): Text is inputted successfully

2019-12-22 13:58:16 - [MESSAGE][PASSED] - Text is inputted successfully

2019-12-22 13:58:16 - [TEST_STEP][PASSED] - actionKeyword.SelectByXPathKeyword.selectCountryDropDownList("Vietnam"): Dropdownlist has been clicked

2019-12-22 13:58:18 - [MESSAGE][PASSED] - Dropdownlist has been clicked

2019-12-22 13:58:18 - [TEST_STEP][PASSED] - actionKeyword.SelectByXPathKeyword.setTextElementByXPath("//input[@id='state']", varCity): Text is inputted successfully

2019-12-22 13:58:19 - [MESSAGE][PASSED] - Text is inputted successfully

2019-12-22 13:58:19 - [TEST_STEP][PASSED] - actionKeyword.SelectByXPathKeyword.selectNationalityDropDownList("Vietnamese"): Dropdownlist has been clicked

2019-12-22 13:58:20 - [MESSAGE][PASSED] - Dropdownlist has been clicked]]></system-out>
         <system-err><![CDATA[]]></system-err>
      </testcase>
      <testcase name="Test Cases/Feature_TestCase/TestCase_About_US/AboutUs_Contact_FillInData" time="6.736" classname="Test Cases/Feature_TestCase/TestCase_About_US/AboutUs_Contact_FillInData" status="PASSED">
         <system-out><![CDATA[2019-12-22 13:58:20 - [TEST_CASE][PASSED] - Test Cases/Feature_TestCase/TestCase_About_US/AboutUs_Contact_FillInData: Test Cases/Feature_TestCase/TestCase_About_US/AboutUs_Contact_FillInData

2019-12-22 13:58:20 - [TEST_STEP][PASSED] - actionKeyword.SelectByXPathKeyword.setTextElementByXPath("//input[@id='edit-first-name']", varFirstname): Text is inputted successfully

2019-12-22 13:58:21 - [MESSAGE][PASSED] - Text is inputted successfully

2019-12-22 13:58:21 - [TEST_STEP][PASSED] - actionKeyword.SelectByXPathKeyword.setTextElementByXPath("//input[@id='edit-last-name']", varLastname): Text is inputted successfully

2019-12-22 13:58:22 - [MESSAGE][PASSED] - Text is inputted successfully

2019-12-22 13:58:22 - [TEST_STEP][PASSED] - actionKeyword.SelectByXPathKeyword.setTextElementByXPath("//input[@id='edit-email']", varEmail): Text is inputted successfully

2019-12-22 13:58:23 - [MESSAGE][PASSED] - Text is inputted successfully

2019-12-22 13:58:23 - [TEST_STEP][PASSED] - actionKeyword.SelectByXPathKeyword.setTextElementByXPath("//input[@id='edit-phone']", varContact): Text is inputted successfully

2019-12-22 13:58:23 - [MESSAGE][PASSED] - Text is inputted successfully

2019-12-22 13:58:23 - [TEST_STEP][PASSED] - actionKeyword.SelectByXPathKeyword.selectCountryDropDownList("Vietnam"): Dropdownlist has been clicked

2019-12-22 13:58:25 - [MESSAGE][PASSED] - Dropdownlist has been clicked

2019-12-22 13:58:25 - [TEST_STEP][PASSED] - actionKeyword.SelectByXPathKeyword.setTextElementByXPath("//input[@id='state']", varCity): Text is inputted successfully

2019-12-22 13:58:26 - [MESSAGE][PASSED] - Text is inputted successfully

2019-12-22 13:58:26 - [TEST_STEP][PASSED] - actionKeyword.SelectByXPathKeyword.selectNationalityDropDownList("Vietnamese"): Dropdownlist has been clicked

2019-12-22 13:58:27 - [MESSAGE][PASSED] - Dropdownlist has been clicked]]></system-out>
         <system-err><![CDATA[]]></system-err>
      </testcase>
      <system-out><![CDATA[2019-12-22 13:57:51 - [TEST_SUITE][PASSED] - TestSuit_PartnerUs: Test Cases/Feature_TestCase/TestCase_About_US/AboutUs_Contact_FillInData]]></system-out>
      <system-err><![CDATA[]]></system-err>
   </testsuite>
</testsuites>
